<?xml version="1.0" encoding="UTF-8"?>
<!-- Generated by org.testng.reporters.JUnitReportReporter -->
<testsuite skipped="0" hostname="punws-abhishekk" name="tests.NewTest" tests="2" failures="0" timestamp="01 Aug 2019 06:31:43 GMT" time="0.000" errors="0">
  <testcase name="googleTitleTest" time="0.000" classname="tests.NewTest"/>
  <testcase name="gmailTitleTest" time="0.000" classname="tests.NewTest"/>
</testsuite> <!-- tests.NewTest -->
