<?xml version="1.0" encoding="UTF-8"?>
<!-- Generated by org.testng.reporters.JUnitReportReporter -->
<testsuite skipped="0" hostname="punws-abhishekk" name="com.tests.NewTest" tests="2" failures="0" timestamp="01 Aug 2019 08:09:16 GMT" time="0.006" errors="0">
  <testcase name="googleTitleTest" time="0.002" classname="com.tests.NewTest"/>
  <testcase name="gmailTitleTest" time="0.004" classname="com.tests.NewTest"/>
</testsuite> <!-- com.tests.NewTest -->
