<?xml version="1.0" encoding="UTF-8"?>
<!-- Generated by org.testng.reporters.JUnitReportReporter -->
<testsuite skipped="0" hostname="punws-abhishekk" name="com.pom.tests.Test99GuruLogin" tests="1" failures="0" timestamp="01 Aug 2019 09:57:04 GMT" time="1.768" errors="0">
  <testcase name="test_Home_Page_Appear_Correct" time="1.768" classname="com.pom.tests.Test99GuruLogin"/>
</testsuite> <!-- com.pom.tests.Test99GuruLogin -->
